INFO: [VRFC 10-2263] Analyzing Verilog file "C:/Users/ledbe/Documents/FPGA/Jane2/Jane2.srcs/sources_1/new/lengFind.v" into library xil_defaultlib
INFO: [VRFC 10-311] analyzing module lengFind
WARNING: [VRFC 10-9336] redeclaration of ANSI port 'len' is not allowed [C:/Users/ledbe/Documents/FPGA/Jane2/Jane2.srcs/sources_1/new/lengFind.v:34]
WARNING: [VRFC 10-3028] 'len' was previously declared with a range [C:/Users/ledbe/Documents/FPGA/Jane2/Jane2.srcs/sources_1/new/lengFind.v:34]
INFO: [VRFC 10-2263] Analyzing Verilog file "C:/Users/ledbe/Documents/FPGA/Jane2/Jane2.srcs/sources_1/new/minMaxAdj.v" into library xil_defaultlib
INFO: [VRFC 10-311] analyzing module minMaxAdj
INFO: [VRFC 10-2263] Analyzing Verilog file "C:/Users/ledbe/Documents/FPGA/Jane2/Jane2.srcs/sources_1/new/invalidFinder.v" into library xil_defaultlib
INFO: [VRFC 10-311] analyzing module invalidFinder
INFO: [VRFC 10-2263] Analyzing Verilog file "C:/Users/ledbe/Documents/FPGA/Jane2/Jane2.srcs/sources_1/new/invalidCntr.v" into library xil_defaultlib
INFO: [VRFC 10-311] analyzing module invalidCntr
INFO: [VRFC 10-2263] Analyzing Verilog file "C:/Users/ledbe/Documents/FPGA/Jane2/Jane2.srcs/sim_1/new/tb_invalidFinder.v" into library xil_defaultlib
INFO: [VRFC 10-311] analyzing module tb_invalidFinder
INFO: [VRFC 10-2263] Analyzing Verilog file "C:/Users/ledbe/Documents/FPGA/Jane2/Jane2.srcs/sim_1/new/tb_minMaxAdj.v" into library xil_defaultlib
INFO: [VRFC 10-311] analyzing module tb_minMaxAdj
INFO: [VRFC 10-2263] Analyzing Verilog file "C:/Users/ledbe/Documents/FPGA/Jane2/Jane2.srcs/sim_1/new/tb_lenFind.v" into library xil_defaultlib
INFO: [VRFC 10-311] analyzing module tb_lenFind
INFO: [VRFC 10-2263] Analyzing Verilog file "C:/Users/ledbe/Documents/FPGA/Jane2/Jane2.srcs/sim_1/new/top.v" into library xil_defaultlib
INFO: [VRFC 10-311] analyzing module top
INFO: [VRFC 10-2263] Analyzing Verilog file "C:/Users/ledbe/Documents/FPGA/Jane2/Jane2.srcs/sim_1/new/tb_invalidCntr.v" into library xil_defaultlib
INFO: [VRFC 10-311] analyzing module tb_invalidCntr
